
(process:897266): dconf-WARNING **: 22:39:45.910: unable to open file '/usr/share/user/greeter-dconf-defaults': Failed to open file “/usr/share/user/greeter-dconf-defaults”: open() failed: No such file or directory; expect degraded performance
2024-09-04 22:39:46,406 [    545]   WARN - #c.i.o.v.n.p.FSRecords - Records storage [/home/ramuiruri/.cache/JetBrains/WebStorm2024.2/caches/records.dat] was in use by process [OwnershipInfo{owner pid: 580198, acquired at: 1725312694380}] which is not exist now (wasn't closed properly/crashed?) -> re-acquiring forcibly
2024-09-04 22:39:46,449 [    588]   WARN - #c.i.o.v.n.p.PersistentFSLoader - [VFS load problem]: VFS wasn't safely shut down: records.wasClosedProperly is false
2024-09-04 22:39:46,740 [    879]   WARN - #c.i.o.v.n.p.PersistentFSLoader - [VFS load problem]: NOT_CLOSED_PROPERLY recovered, no problems remain
Warning: Not allowed as a service: java.awt.Window.CustomTitleBarPeer
	at com.jetbrains.JBR$WindowDecorations__Holder.<clinit>(JBR.java:642)
	at com.jetbrains.JBR.getWindowDecorations(JBR.java:662)
	at com.intellij.platform.ide.bootstrap.StartupUtil$startApplication$3.invokeSuspend(startup.kt:171)
	at kotlin.coroutines.jvm.internal.BaseContinuationImpl.resumeWith(ContinuationImpl.kt:33)
	at kotlinx.coroutines.DispatchedTask.run(DispatchedTask.kt:104)
	at kotlinx.coroutines.scheduling.CoroutineScheduler.runSafely(CoroutineScheduler.kt:608)
	at kotlinx.coroutines.scheduling.CoroutineScheduler$Worker.executeTask(CoroutineScheduler.kt:873)
	at kotlinx.coroutines.scheduling.CoroutineScheduler$Worker.runWorker(CoroutineScheduler.kt:763)
	at kotlinx.coroutines.scheduling.CoroutineScheduler$Worker.run(CoroutineScheduler.kt:750)
Warning: Service not supported: com.jetbrains.WindowDecorations
	at com.jetbrains.JBR$WindowDecorations__Holder.<clinit>(JBR.java:642)
	at com.jetbrains.JBR.getWindowDecorations(JBR.java:662)
	at com.intellij.platform.ide.bootstrap.StartupUtil$startApplication$3.invokeSuspend(startup.kt:171)
	at kotlin.coroutines.jvm.internal.BaseContinuationImpl.resumeWith(ContinuationImpl.kt:33)
	at kotlinx.coroutines.DispatchedTask.run(DispatchedTask.kt:104)
	at kotlinx.coroutines.scheduling.CoroutineScheduler.runSafely(CoroutineScheduler.kt:608)
	at kotlinx.coroutines.scheduling.CoroutineScheduler$Worker.executeTask(CoroutineScheduler.kt:873)
	at kotlinx.coroutines.scheduling.CoroutineScheduler$Worker.runWorker(CoroutineScheduler.kt:763)
	at kotlinx.coroutines.scheduling.CoroutineScheduler$Worker.run(CoroutineScheduler.kt:750)
2024-09-04 22:39:47,870 [   2009]   WARN - #c.i.u.x.Binding - No accessors for com.mallowigi.idea.themes.MTThemeFacade. This means that state class cannot be serialized properly. Please see https://jb.gg/ij-psoc
2024-09-04 22:39:49,169 [   3308]   WARN - #c.i.s.ComponentManagerImpl - `preload=NOT_HEADLESS` must be used only for core services (service=com.jetbrains.rdserver.toolWindow.BackendServerToolWindowManager, plugin=com.jetbrains.codeWithMe)
2024-09-04 22:39:49,170 [   3309]   WARN - #c.i.s.ComponentManagerImpl - `preload=TRUE` must be used only for core services (service=com.intellij.cwm.plugin.users.BackendUserManager, plugin=com.jetbrains.codeWithMe)
2024-09-04 22:39:49,170 [   3309]   WARN - #c.i.s.ComponentManagerImpl - `preload=TRUE` must be used only for core services (service=com.intellij.cwm.plugin.ports.CwmPortForwardingToolWindowManager, plugin=com.jetbrains.codeWithMe)
2024-09-04 22:39:49,170 [   3309]   WARN - #c.i.s.ComponentManagerImpl - `preload=TRUE` must be used only for core services (service=com.intellij.cwm.plugin.users.BackendCWMUserFocusHost, plugin=com.jetbrains.codeWithMe)
2024-09-04 22:39:49,170 [   3309]   WARN - #c.i.s.ComponentManagerImpl - `preload=TRUE` must be used only for core services (service=com.intellij.cwm.plugin.following.FollowMeManagerService, plugin=com.jetbrains.codeWithMe)
2024-09-04 22:39:49,170 [   3309]   WARN - #c.i.s.ComponentManagerImpl - `preload=TRUE` must be used only for core services (service=com.intellij.cwm.plugin.following.BackendProjectViewSync, plugin=com.jetbrains.codeWithMe)
2024-09-04 22:39:49,170 [   3309]   WARN - #c.i.s.ComponentManagerImpl - `preload=TRUE` must be used only for core services (service=com.intellij.cwm.plugin.following.BackendFollowMeEditorsHost, plugin=com.jetbrains.codeWithMe)
2024-09-04 22:39:49,171 [   3310]   WARN - #c.i.s.ComponentManagerImpl - `preload=TRUE` must be used only for core services (service=com.intellij.cwm.plugin.following.BackendFollowMeDebuggerHost, plugin=com.jetbrains.codeWithMe)
2024-09-04 22:39:49,171 [   3310]   WARN - #c.i.s.ComponentManagerImpl - `preload=TRUE` must be used only for core services (service=com.intellij.cwm.plugin.following.FollowMeLookupSynchronizer, plugin=com.jetbrains.codeWithMe)
2024-09-04 22:39:51,448 [   5587]   WARN - #c.i.i.s.p.i.SharedIndexInfrastructure - Skipped 2 shared indexes: bundled-js-predefined-1d06a55b98c1-0b3e54e931b4-JavaScript-GO-241.18034.61, bundled-gosdk-33c477a475b1-e0158606a674-org.jetbrains.plugins.go.sharedIndexes.bundled-GO-241.18034.61
2024-09-04 22:39:52,443 [   6582]   WARN - #o.j.p.t.TextMateService - Cannot find referenced file `./syntaxes/asp-vb-net.tmLanguage.json` in bundle `/home/ramuiruri/.WebStorm-242.20224.426/plugins/textmate/lib/bundles/vb`
CompileCommand: exclude com/intellij/openapi/vfs/impl/FilePartNodeRoot.trieDescend bool exclude = true

(process:897641): dconf-WARNING **: 22:39:54.461: unable to open file '/usr/share/user/greeter-dconf-defaults': Failed to open file “/usr/share/user/greeter-dconf-defaults”: open() failed: No such file or directory; expect degraded performance
